-- The C compiler identification is GNU 13.3.0
-- The CXX compiler identification is GNU 13.3.0
-- Detecting C compiler ABI info
-- Detecting C compiler ABI info - done
-- Check for working C compiler: /usr/bin/cc - skipped
-- Detecting C compile features
-- Detecting C compile features - done
-- Detecting CXX compiler ABI info
-- Detecting CXX compiler ABI info - done
-- Check for working CXX compiler: /usr/bin/c++ - skipped
-- Detecting CXX compile features
-- Detecting CXX compile features - done
-- Found ament_cmake: 2.5.4 (/opt/ros/jazzy/share/ament_cmake/cmake)
-- Found Python3: /usr/bin/python3 (found version "3.12.3") found components: Interpreter 
-- Override CMake install command with custom implementation using symlinks instead of copying resources
-- Found ament_lint_auto: 0.17.3 (/opt/ros/jazzy/share/ament_lint_auto/cmake)
-- Added test 'flake8' to check Python code syntax and style conventions
-- Configured 'flake8' exclude dirs and/or files: 
-- Added test 'lint_cmake' to check CMake code style
-- Added test 'pep257' to check Python code against some of the docstring style conventions in PEP 257
-- Added test 'xmllint' to check XML markup files
-- Configuring done (0.6s)
-- Generating done (0.0s)
-- Build files have been written to: /home/ros/ros_ws/build/maze_simulation
-- Install configuration: ""
-- Execute custom install script
-- Symlinking: /home/ros/ros_ws/install/maze_simulation/share/ament_index/resource_index/package_run_dependencies/maze_simulation
-- Symlinking: /home/ros/ros_ws/install/maze_simulation/share/ament_index/resource_index/parent_prefix_path/maze_simulation
-- Symlinking: /home/ros/ros_ws/install/maze_simulation/share/maze_simulation/environment/ament_prefix_path.sh
-- Symlinking: /home/ros/ros_ws/install/maze_simulation/share/maze_simulation/environment/ament_prefix_path.dsv
-- Symlinking: /home/ros/ros_ws/install/maze_simulation/share/maze_simulation/environment/path.sh
-- Symlinking: /home/ros/ros_ws/install/maze_simulation/share/maze_simulation/environment/path.dsv
-- Symlinking: /home/ros/ros_ws/install/maze_simulation/share/maze_simulation/local_setup.bash
-- Symlinking: /home/ros/ros_ws/install/maze_simulation/share/maze_simulation/local_setup.sh
-- Symlinking: /home/ros/ros_ws/install/maze_simulation/share/maze_simulation/local_setup.zsh
-- Symlinking: /home/ros/ros_ws/install/maze_simulation/share/maze_simulation/local_setup.dsv
-- Symlinking: /home/ros/ros_ws/install/maze_simulation/share/maze_simulation/package.dsv
-- Symlinking: /home/ros/ros_ws/install/maze_simulation/share/ament_index/resource_index/packages/maze_simulation
-- Symlinking: /home/ros/ros_ws/install/maze_simulation/share/maze_simulation/cmake/maze_simulationConfig.cmake
-- Symlinking: /home/ros/ros_ws/install/maze_simulation/share/maze_simulation/cmake/maze_simulationConfig-version.cmake
-- Symlinking: /home/ros/ros_ws/install/maze_simulation/share/maze_simulation/package.xml
-- Symlinking: /home/ros/ros_ws/install/maze_simulation/share/maze_simulation//launch/maze.launch.py
-- Symlinking: /home/ros/ros_ws/install/maze_simulation/share/maze_simulation//launch/maze_navigation.launch.py
-- Symlinking: /home/ros/ros_ws/install/maze_simulation/share/maze_simulation//launch/maze_slam_toolbox.launch.py
-- Symlinking: /home/ros/ros_ws/install/maze_simulation/share/maze_simulation//worlds/mazeGen.py
-- Symlinking: /home/ros/ros_ws/install/maze_simulation/share/maze_simulation//worlds/maze_world.sdf
-- Symlinking: /home/ros/ros_ws/install/maze_simulation/share/maze_simulation//scripts/explorer.py
-- Symlinking: /home/ros/ros_ws/install/maze_simulation/share/maze_simulation//config/mapper_params_online_async.yaml
-- Symlinking: /home/ros/ros_ws/install/maze_simulation/share/maze_simulation//config/nav2_params.yaml
-- Symlinking: /home/ros/ros_ws/install/maze_simulation/share/maze_simulation//config/twist_mux.yaml
-- Symlinking: /home/ros/ros_ws/install/maze_simulation/share/maze_simulation//rviz/maze_config.rviz
-- Symlinking: /home/ros/ros_ws/install/maze_simulation/share/maze_simulation//rviz/model_config.rviz
-- Symlinking: /home/ros/ros_ws/install/maze_simulation/share/maze_simulation//rviz/tb3_navigation2.rviz
