[INFO] [launch]: All log files can be found below /home/ros/.ros/log/2025-10-23-15-07-46-927328-archpunky-12818
[INFO] [launch]: Default logging verbosity is set to INFO
urdf_file_name : turtlebot3_burger.urdf
urdf_file_name : turtlebot3_burger.urdf
[INFO] [gazebo-1]: process started with pid [12828]
[INFO] [gazebo-2]: process started with pid [12829]
[INFO] [create-3]: process started with pid [12831]
[INFO] [parameter_bridge-4]: process started with pid [12833]
[INFO] [robot_state_publisher-5]: process started with pid [12834]
[robot_state_publisher-5] [INFO] [1761232067.513570324] [robot_state_publisher]: Robot initialized
[create-3] [INFO] [1761232067.558332911] [ros_gz_sim]: Requesting list of world names.
[create-3] [INFO] [1761232068.177677463] [ros_gz_sim]: Entity creation successful.
[INFO] [create-3]: process has finished cleanly [pid 12831]
[parameter_bridge-4] [INFO] [1761232068.558971597] [ros_gz_bridge]: Creating GZ->ROS Bridge: [clock (gz.msgs.Clock) -> clock (rosgraph_msgs/msg/Clock)] (Lazy 0)
[parameter_bridge-4] [INFO] [1761232068.559830937] [ros_gz_bridge]: Creating GZ->ROS Bridge: [joint_states (gz.msgs.Model) -> joint_states (sensor_msgs/msg/JointState)] (Lazy 0)
[parameter_bridge-4] [INFO] [1761232068.561307523] [ros_gz_bridge]: Creating GZ->ROS Bridge: [odom (gz.msgs.Odometry) -> odom (nav_msgs/msg/Odometry)] (Lazy 0)
[parameter_bridge-4] [INFO] [1761232068.562224200] [ros_gz_bridge]: Creating GZ->ROS Bridge: [tf (gz.msgs.Pose_V) -> tf (tf2_msgs/msg/TFMessage)] (Lazy 0)
[parameter_bridge-4] [INFO] [1761232068.562950023] [ros_gz_bridge]: Creating ROS->GZ Bridge: [cmd_vel (geometry_msgs/msg/Twist) -> cmd_vel (gz.msgs.Twist)] (Lazy 0)
[parameter_bridge-4] [INFO] [1761232068.563430427] [ros_gz_bridge]: Creating GZ->ROS Bridge: [imu (gz.msgs.IMU) -> imu (sensor_msgs/msg/Imu)] (Lazy 0)
[parameter_bridge-4] [INFO] [1761232068.563699085] [ros_gz_bridge]: Creating GZ->ROS Bridge: [scan (gz.msgs.LaserScan) -> scan (sensor_msgs/msg/LaserScan)] (Lazy 0)
[gazebo-2] [1;33m[GUI] [Wrn] [Application.cc:908] [0m[1;33m[QT] file::/WorldStats/WorldStats.qml:53:3: QML RowLayout: Binding loop detected for property "x"[0m[1;33m[0m
[gazebo-1] [1;33mWarning [Utils.cc:132][0m [/sdf/model[@name="turtlebot3_burger"]/link[@name="base_scan"]/sensor[@name="hls_lfcd_lds"]/gz_frame_id:/opt/ros/jazzy/share/turtlebot3_gazebo/models/turtlebot3_burger/model.sdf:L141]: XML Element[gz_frame_id], child of element[sensor], not defined in SDF. Copying[gz_frame_id] as children of [sensor].
[gazebo-2] [1;33mWarning [Utils.cc:132][0m [/sdf/model[@name="turtlebot3_burger"]/link[@name="base_scan"]/sensor[@name="hls_lfcd_lds"]/gz_frame_id:<data-string>:L163]: XML Element[gz_frame_id], child of element[sensor], not defined in SDF. Copying[gz_frame_id] as children of [sensor].
[gazebo-2] [1;33mWarning [Utils.cc:132][0m [/sdf/model[@name="turtlebot3_burger"]/link[@name="base_scan"]/sensor[@name="hls_lfcd_lds"]/gz_frame_id:<data-string>:L163]: XML Element[gz_frame_id], child of element[sensor], not defined in SDF. Copying[gz_frame_id] as children of [sensor].
[INFO] [map_server-6]: process started with pid [13175]
[INFO] [amcl-7]: process started with pid [13176]
[INFO] [lifecycle_manager-8]: process started with pid [13177]
[lifecycle_manager-8] [INFO] [1761232087.691167067] [lifecycle_manager_localization]: Creating
[amcl-7] [INFO] [1761232087.696589931] [amcl]: 
[amcl-7] 	amcl lifecycle node launched. 
[amcl-7] 	Waiting on external lifecycle transitions to activate
[amcl-7] 	See https://design.ros2.org/articles/node_lifecycle.html for more information.
[amcl-7] [INFO] [1761232087.697039611] [amcl]: Creating
[lifecycle_manager-8] [INFO] [1761232087.698168755] [lifecycle_manager_localization]: [34m[1mCreating and initializing lifecycle service clients[0m[0m
[lifecycle_manager-8] [INFO] [1761232087.706773201] [lifecycle_manager_localization]: [34m[1mStarting managed nodes bringup...[0m[0m
[lifecycle_manager-8] [INFO] [1761232087.706865585] [lifecycle_manager_localization]: [34m[1mConfiguring map_server[0m[0m
[map_server-6] [INFO] [1761232087.706934124] [map_server]: 
[map_server-6] 	map_server lifecycle node launched. 
[map_server-6] 	Waiting on external lifecycle transitions to activate
[map_server-6] 	See https://design.ros2.org/articles/node_lifecycle.html for more information.
[map_server-6] [INFO] [1761232087.707156012] [map_server]: Creating
[map_server-6] [INFO] [1761232087.723773854] [map_server]: Configuring
[map_server-6] [INFO] [1761232087.723901555] [map_io]: Loading yaml file: /home/ros/ros_ws/src/maze_simulation/map/my_map_save.yaml
[map_server-6] [INFO] [1761232087.724272025] [map_io]: resolution: 0.05
[map_server-6] [INFO] [1761232087.724287832] [map_io]: origin[0]: -0.293
[map_server-6] [INFO] [1761232087.724292678] [map_io]: origin[1]: -0.316
[map_server-6] [INFO] [1761232087.724294781] [map_io]: origin[2]: 0
[map_server-6] [INFO] [1761232087.724296807] [map_io]: free_thresh: 0.196
[map_server-6] [INFO] [1761232087.724298745] [map_io]: occupied_thresh: 0.65
[map_server-6] [INFO] [1761232087.724305514] [map_io]: mode: trinary
[map_server-6] [INFO] [1761232087.724309221] [map_io]: negate: 0
[map_server-6] [INFO] [1761232087.724636496] [map_io]: Loading image_file: /home/ros/ros_ws/src/maze_simulation/map/my_map_save.pgm
[map_server-6] [INFO] [1761232087.725234654] [map_io]: Read map /home/ros/ros_ws/src/maze_simulation/map/my_map_save.pgm: 121 X 121 map @ 0.05 m/cell
[lifecycle_manager-8] [INFO] [1761232087.732829083] [lifecycle_manager_localization]: [34m[1mConfiguring amcl[0m[0m
[amcl-7] [INFO] [1761232087.733137682] [amcl]: Configuring
[amcl-7] [INFO] [1761232087.733234314] [amcl]: initTransforms
[amcl-7] [INFO] [1761232087.737912399] [amcl]: initPubSub
[amcl-7] [INFO] [1761232087.743817747] [amcl]: Subscribed to map topic.
[lifecycle_manager-8] [INFO] [1761232087.746193256] [lifecycle_manager_localization]: [34m[1mActivating map_server[0m[0m
[map_server-6] [INFO] [1761232087.746373648] [map_server]: Activating
[map_server-6] [INFO] [1761232087.746493165] [map_server]: Creating bond (map_server) to lifecycle manager.
[amcl-7] [INFO] [1761232087.746587458] [amcl]: Received a 121 X 121 map @ 0.050 m/pix
[lifecycle_manager-8] [INFO] [1761232087.849291085] [lifecycle_manager_localization]: Server map_server connected with bond.
[lifecycle_manager-8] [INFO] [1761232087.849321539] [lifecycle_manager_localization]: [34m[1mActivating amcl[0m[0m
[amcl-7] [INFO] [1761232087.849517231] [amcl]: Activating
[amcl-7] [INFO] [1761232087.849597149] [amcl]: Creating bond (amcl) to lifecycle manager.
[amcl-7] [INFO] [1761232087.875071950] [amcl]: createLaserObject
[lifecycle_manager-8] [INFO] [1761232087.953353088] [lifecycle_manager_localization]: Server amcl connected with bond.
[lifecycle_manager-8] [INFO] [1761232087.953406674] [lifecycle_manager_localization]: [34m[1mManaged nodes are active[0m[0m
[lifecycle_manager-8] [INFO] [1761232087.953417930] [lifecycle_manager_localization]: [34m[1mCreating bond timer...[0m[0m
[amcl-7] [WARN] [1761232089.880965446] [amcl]: AMCL cannot publish a pose or update the transform. Please set the initial pose...
[amcl-7] [WARN] [1761232091.990182253] [amcl]: AMCL cannot publish a pose or update the transform. Please set the initial pose...
[INFO] [controller_server-9]: process started with pid [13237]
[INFO] [smoother_server-10]: process started with pid [13238]
[INFO] [planner_server-11]: process started with pid [13239]
[INFO] [route_server-12]: process started with pid [13240]
[INFO] [behavior_server-13]: process started with pid [13241]
[INFO] [bt_navigator-14]: process started with pid [13242]
[INFO] [waypoint_follower-15]: process started with pid [13243]
[INFO] [velocity_smoother-16]: process started with pid [13244]
[INFO] [collision_monitor-17]: process started with pid [13246]
[INFO] [opennav_docking-18]: process started with pid [13247]
[INFO] [lifecycle_manager-19]: process started with pid [13248]
[velocity_smoother-16] [INFO] [1761232092.640671898] [velocity_smoother]: 
[velocity_smoother-16] 	velocity_smoother lifecycle node launched. 
[velocity_smoother-16] 	Waiting on external lifecycle transitions to activate
[velocity_smoother-16] 	See https://design.ros2.org/articles/node_lifecycle.html for more information.
[smoother_server-10] [INFO] [1761232092.644389002] [smoother_server]: 
[smoother_server-10] 	smoother_server lifecycle node launched. 
[smoother_server-10] 	Waiting on external lifecycle transitions to activate
[smoother_server-10] 	See https://design.ros2.org/articles/node_lifecycle.html for more information.
[smoother_server-10] [INFO] [1761232092.646269926] [smoother_server]: Creating smoother server
[lifecycle_manager-19] [INFO] [1761232092.651942772] [lifecycle_manager_navigation]: Creating
[route_server-12] [INFO] [1761232092.653223010] [route_server]: 
[route_server-12] 	route_server lifecycle node launched. 
[route_server-12] 	Waiting on external lifecycle transitions to activate
[route_server-12] 	See https://design.ros2.org/articles/node_lifecycle.html for more information.
[behavior_server-13] [INFO] [1761232092.657792125] [behavior_server]: 
[behavior_server-13] 	behavior_server lifecycle node launched. 
[behavior_server-13] 	Waiting on external lifecycle transitions to activate
[behavior_server-13] 	See https://design.ros2.org/articles/node_lifecycle.html for more information.
[controller_server-9] [INFO] [1761232092.661015526] [controller_server]: 
[controller_server-9] 	controller_server lifecycle node launched. 
[controller_server-9] 	Waiting on external lifecycle transitions to activate
[controller_server-9] 	See https://design.ros2.org/articles/node_lifecycle.html for more information.
[lifecycle_manager-19] [INFO] [1761232092.663576827] [lifecycle_manager_navigation]: [34m[1mCreating and initializing lifecycle service clients[0m[0m
[planner_server-11] [INFO] [1761232092.664955790] [planner_server]: 
[planner_server-11] 	planner_server lifecycle node launched. 
[planner_server-11] 	Waiting on external lifecycle transitions to activate
[planner_server-11] 	See https://design.ros2.org/articles/node_lifecycle.html for more information.
[planner_server-11] [INFO] [1761232092.667305900] [planner_server]: Creating
[collision_monitor-17] [INFO] [1761232092.668421378] [collision_monitor]: 
[collision_monitor-17] 	collision_monitor lifecycle node launched. 
[collision_monitor-17] 	Waiting on external lifecycle transitions to activate
[collision_monitor-17] 	See https://design.ros2.org/articles/node_lifecycle.html for more information.
[controller_server-9] [INFO] [1761232092.669646517] [controller_server]: Creating controller server
[opennav_docking-18] [INFO] [1761232092.680575080] [docking_server]: 
[opennav_docking-18] 	docking_server lifecycle node launched. 
[opennav_docking-18] 	Waiting on external lifecycle transitions to activate
[opennav_docking-18] 	See https://design.ros2.org/articles/node_lifecycle.html for more information.
[opennav_docking-18] [INFO] [1761232092.680663032] [docking_server]: Creating docking_server
[planner_server-11] [INFO] [1761232092.685408432] [global_costmap.global_costmap]: 
[planner_server-11] 	global_costmap lifecycle node launched. 
[planner_server-11] 	Waiting on external lifecycle transitions to activate
[planner_server-11] 	See https://design.ros2.org/articles/node_lifecycle.html for more information.
[bt_navigator-14] [INFO] [1761232092.687397507] [bt_navigator]: 
[bt_navigator-14] 	bt_navigator lifecycle node launched. 
[bt_navigator-14] 	Waiting on external lifecycle transitions to activate
[bt_navigator-14] 	See https://design.ros2.org/articles/node_lifecycle.html for more information.
[planner_server-11] [INFO] [1761232092.687946840] [global_costmap.global_costmap]: Creating Costmap
[bt_navigator-14] [INFO] [1761232092.688815893] [bt_navigator]: Creating
[controller_server-9] [INFO] [1761232092.693926822] [local_costmap.local_costmap]: 
[controller_server-9] 	local_costmap lifecycle node launched. 
[controller_server-9] 	Waiting on external lifecycle transitions to activate
[controller_server-9] 	See https://design.ros2.org/articles/node_lifecycle.html for more information.
[controller_server-9] [INFO] [1761232092.695253582] [local_costmap.local_costmap]: Creating Costmap
[waypoint_follower-15] [INFO] [1761232092.703907726] [waypoint_follower]: 
[waypoint_follower-15] 	waypoint_follower lifecycle node launched. 
[waypoint_follower-15] 	Waiting on external lifecycle transitions to activate
[waypoint_follower-15] 	See https://design.ros2.org/articles/node_lifecycle.html for more information.
[waypoint_follower-15] [INFO] [1761232092.704695828] [waypoint_follower]: Creating
[lifecycle_manager-19] [INFO] [1761232092.714876146] [lifecycle_manager_navigation]: [34m[1mStarting managed nodes bringup...[0m[0m
[lifecycle_manager-19] [INFO] [1761232092.714917889] [lifecycle_manager_navigation]: [34m[1mConfiguring controller_server[0m[0m
[controller_server-9] [INFO] [1761232092.715103436] [controller_server]: Configuring controller interface
[controller_server-9] [INFO] [1761232092.715126548] [controller_server]: getting progress checker plugins..
[controller_server-9] [INFO] [1761232092.715399946] [controller_server]: getting goal checker plugins..
[controller_server-9] [INFO] [1761232092.715844976] [controller_server]: Controller frequency set to 10.0000Hz
[controller_server-9] [INFO] [1761232092.715959418] [local_costmap.local_costmap]: Configuring
[controller_server-9] [INFO] [1761232092.724224016] [local_costmap.local_costmap]: Using plugin "obstacle_layer"
[controller_server-9] [INFO] [1761232092.729284324] [local_costmap.local_costmap]: Subscribed to Topics: scan
[controller_server-9] [INFO] [1761232092.734749565] [local_costmap.local_costmap]: Initialized plugin "obstacle_layer"
[controller_server-9] [INFO] [1761232092.734798882] [local_costmap.local_costmap]: Using plugin "voxel_layer"
[controller_server-9] [INFO] [1761232092.735207374] [local_costmap.local_costmap]: Subscribed to Topics: scan
[controller_server-9] [INFO] [1761232092.744734535] [local_costmap.local_costmap]: Initialized plugin "voxel_layer"
[controller_server-9] [INFO] [1761232092.744775022] [local_costmap.local_costmap]: Using plugin "inflation_layer"
[controller_server-9] [INFO] [1761232092.745090323] [local_costmap.local_costmap]: Initialized plugin "inflation_layer"
[controller_server-9] [INFO] [1761232092.757883079] [controller_server]: Created progress_checker : progress_checker of type nav2_controller::SimpleProgressChecker
[controller_server-9] [INFO] [1761232092.758163872] [controller_server]: Controller Server has progress_checker  progress checkers available.
[controller_server-9] [INFO] [1761232092.758782724] [controller_server]: Created goal checker : goal_checker of type nav2_controller::SimpleGoalChecker
[controller_server-9] [INFO] [1761232092.759030379] [controller_server]: Controller Server has goal_checker  goal checkers available.
[controller_server-9] [INFO] [1761232092.762480806] [controller_server]: Created controller : FollowPath of type dwb_core::DWBLocalPlanner
[controller_server-9] [INFO] [1761232092.764278469] [controller_server]: Setting transform_tolerance to 0.200000
[controller_server-9] [INFO] [1761232092.773581558] [controller_server]: Using critic "RotateToGoal" (dwb_critics::RotateToGoalCritic)
[controller_server-9] [INFO] [1761232092.774196267] [controller_server]: Critic plugin initialized
[controller_server-9] [INFO] [1761232092.774340564] [controller_server]: Using critic "Oscillation" (dwb_critics::OscillationCritic)
[controller_server-9] [INFO] [1761232092.775151587] [controller_server]: Critic plugin initialized
[controller_server-9] [INFO] [1761232092.775446142] [controller_server]: Using critic "BaseObstacle" (dwb_critics::BaseObstacleCritic)
[controller_server-9] [INFO] [1761232092.775832776] [controller_server]: Critic plugin initialized
[controller_server-9] [INFO] [1761232092.776017889] [controller_server]: Using critic "GoalAlign" (dwb_critics::GoalAlignCritic)
[controller_server-9] [INFO] [1761232092.776596631] [controller_server]: Critic plugin initialized
[controller_server-9] [INFO] [1761232092.776715473] [controller_server]: Using critic "PathAlign" (dwb_critics::PathAlignCritic)
[controller_server-9] [INFO] [1761232092.777013957] [controller_server]: Critic plugin initialized
[controller_server-9] [INFO] [1761232092.777149899] [controller_server]: Using critic "PathDist" (dwb_critics::PathDistCritic)
[controller_server-9] [INFO] [1761232092.777286904] [controller_server]: Critic plugin initialized
[controller_server-9] [INFO] [1761232092.777353815] [controller_server]: Using critic "GoalDist" (dwb_critics::GoalDistCritic)
[controller_server-9] [INFO] [1761232092.777487209] [controller_server]: Critic plugin initialized
[controller_server-9] [INFO] [1761232092.777506952] [controller_server]: Controller Server has FollowPath  controllers available.
[lifecycle_manager-19] [INFO] [1761232092.781947559] [lifecycle_manager_navigation]: [34m[1mConfiguring smoother_server[0m[0m
[smoother_server-10] [INFO] [1761232092.782127280] [smoother_server]: Configuring smoother server
[smoother_server-10] [INFO] [1761232092.792258905] [smoother_server]: Created smoother : simple_smoother of type nav2_smoother::SimpleSmoother
[smoother_server-10] [INFO] [1761232092.793547255] [smoother_server]: Smoother Server has simple_smoother  smoothers available.
[lifecycle_manager-19] [INFO] [1761232092.798248172] [lifecycle_manager_navigation]: [34m[1mConfiguring planner_server[0m[0m
[planner_server-11] [INFO] [1761232092.798459672] [planner_server]: Configuring
[planner_server-11] [INFO] [1761232092.798501543] [global_costmap.global_costmap]: Configuring
[planner_server-11] [INFO] [1761232092.806105555] [global_costmap.global_costmap]: Using plugin "static_layer"
[planner_server-11] [INFO] [1761232092.810605932] [global_costmap.global_costmap]: Subscribing to the map topic (/map) with transient local durability
[planner_server-11] [INFO] [1761232092.812056279] [global_costmap.global_costmap]: Initialized plugin "static_layer"
[planner_server-11] [INFO] [1761232092.812089412] [global_costmap.global_costmap]: Using plugin "obstacle_layer"
[planner_server-11] [INFO] [1761232092.813161423] [global_costmap.global_costmap]: Subscribed to Topics: scan
[planner_server-11] [INFO] [1761232092.818496395] [global_costmap.global_costmap]: Initialized plugin "obstacle_layer"
[planner_server-11] [INFO] [1761232092.818590544] [global_costmap.global_costmap]: Using plugin "voxel_layer"
[planner_server-11] [INFO] [1761232092.819289672] [global_costmap.global_costmap]: Subscribed to Topics: scan
[planner_server-11] [INFO] [1761232092.830707398] [global_costmap.global_costmap]: Initialized plugin "voxel_layer"
[planner_server-11] [INFO] [1761232092.830781332] [global_costmap.global_costmap]: Using plugin "inflation_layer"
[planner_server-11] [INFO] [1761232092.831434403] [global_costmap.global_costmap]: Initialized plugin "inflation_layer"
[planner_server-11] [INFO] [1761232092.848226177] [global_costmap.global_costmap]: StaticLayer: Resizing costmap to 121 X 121 at 0.050000 m/pix
[planner_server-11] [INFO] [1761232092.848644190] [planner_server]: Created global planner plugin GridBased of type nav2_navfn_planner::NavfnPlanner
[planner_server-11] [INFO] [1761232092.848672090] [planner_server]: Configuring plugin GridBased of type NavfnPlanner
[planner_server-11] [INFO] [1761232092.849188995] [planner_server]: Planner Server has GridBased  planners available.
[lifecycle_manager-19] [INFO] [1761232092.858486826] [lifecycle_manager_navigation]: [34m[1mConfiguring route_server[0m[0m
[route_server-12] [INFO] [1761232092.858803446] [route_server]: Configuring
[route_server-12] [INFO] [1761232092.882695215] [route_server]: Created GraphFileLoader GeoJsonGraphFileLoader of type nav2_route::GeoJsonGraphFileLoader
[route_server-12] [INFO] [1761232092.882745967] [route_server]: Configuring geojson graph file loader
[route_server-12] [INFO] [1761232092.882753783] [route_server]: No graph file provided to load yet.
[route_server-12] [INFO] [1761232092.884924266] [route_server]: Created edge cost function plugin DistanceScorer of type nav2_route::DistanceScorer
[route_server-12] [INFO] [1761232092.885018081] [route_server]: Configuring distance scorer.
[route_server-12] [INFO] [1761232092.885387214] [route_server]: Created edge cost function plugin DynamicEdgesScorer of type nav2_route::DynamicEdgesScorer
[route_server-12] [INFO] [1761232092.885405555] [route_server]: Configuring adjust edges scorer.
[route_server-12] [INFO] [1761232092.890514557] [route_server]: Created route operation AdjustSpeedLimit of type nav2_route::AdjustSpeedLimit
[route_server-12] [INFO] [1761232092.890578132] [route_server]: Configuring Adjust speed limit operation.
[route_server-12] [INFO] [1761232092.891218867] [route_server]: Created route operation ReroutingService of type nav2_route::ReroutingService
[route_server-12] [INFO] [1761232092.891260698] [route_server]: Configuring Rerouting service operation.
[lifecycle_manager-19] [INFO] [1761232092.895040797] [lifecycle_manager_navigation]: [34m[1mConfiguring behavior_server[0m[0m
[behavior_server-13] [INFO] [1761232092.895282432] [behavior_server]: Configuring
[behavior_server-13] [INFO] [1761232092.902498912] [behavior_server]: Creating behavior plugin spin of type nav2_behaviors::Spin
[behavior_server-13] [INFO] [1761232092.903820893] [behavior_server]: Creating behavior plugin backup of type nav2_behaviors::BackUp
[behavior_server-13] [INFO] [1761232092.904990318] [behavior_server]: Creating behavior plugin drive_on_heading of type nav2_behaviors::DriveOnHeading
[behavior_server-13] [INFO] [1761232092.907197438] [behavior_server]: Creating behavior plugin wait of type nav2_behaviors::Wait
[behavior_server-13] [INFO] [1761232092.910553762] [behavior_server]: Creating behavior plugin assisted_teleop of type nav2_behaviors::AssistedTeleop
[behavior_server-13] [INFO] [1761232092.920680292] [behavior_server]: Configuring spin
[behavior_server-13] [INFO] [1761232092.925763772] [behavior_server]: Configuring backup
[behavior_server-13] [INFO] [1761232092.927906420] [behavior_server]: Configuring drive_on_heading
[behavior_server-13] [INFO] [1761232092.932640371] [behavior_server]: Configuring wait
[behavior_server-13] [INFO] [1761232092.936191888] [behavior_server]: Configuring assisted_teleop
[lifecycle_manager-19] [INFO] [1761232092.941331564] [lifecycle_manager_navigation]: [34m[1mConfiguring velocity_smoother[0m[0m
[velocity_smoother-16] [INFO] [1761232092.941597399] [velocity_smoother]: Configuring velocity smoother
[lifecycle_manager-19] [INFO] [1761232092.947922728] [lifecycle_manager_navigation]: [34m[1mConfiguring collision_monitor[0m[0m
[collision_monitor-17] [INFO] [1761232092.948372439] [collision_monitor]: Configuring
[collision_monitor-17] [INFO] [1761232092.955588781] [collision_monitor]: [scan]: Creating Scan
[collision_monitor-17] [INFO] [1761232092.959114814] [collision_monitor]: [PolygonStop]: Creating Polygon
[collision_monitor-17] [INFO] [1761232092.959154457] [collision_monitor]: [PolygonStop]: Creating Circle
[collision_monitor-17] [INFO] [1761232092.962367652] [collision_monitor]: [PolygonSlow]: Creating Polygon
[collision_monitor-17] [INFO] [1761232092.965138788] [collision_monitor]: [FootprintApproach]: Creating Polygon
[collision_monitor-17] [INFO] [1761232092.965607027] [collision_monitor]: [FootprintApproach]: Polygon points are not defined. Using dynamic subscription instead.
[collision_monitor-17] [INFO] [1761232092.966116263] [collision_monitor]: [FootprintApproach]: Making footprint subscriber on /local_costmap/published_footprint topic
[lifecycle_manager-19] [INFO] [1761232092.976298593] [lifecycle_manager_navigation]: [34m[1mConfiguring bt_navigator[0m[0m
[bt_navigator-14] [INFO] [1761232092.976529185] [bt_navigator]: Configuring
[bt_navigator-14] [INFO] [1761232092.983857448] [bt_navigator]: Creating navigator id navigate_to_pose of type nav2_bt_navigator::NavigateToPoseNavigator
[bt_navigator-14] [WARN] [1761232092.988712091] [bt_navigator]: Error_code parameters were not set. Using default values of: follow_path_error_code compute_path_error_code
[bt_navigator-14] Make sure these match your BT and there are not other sources of error codes youreported to your application
[bt_navigator-14] [INFO] [1761232093.036347375] [bt_navigator]: Creating navigator id navigate_through_poses of type nav2_bt_navigator::NavigateThroughPosesNavigator
[lifecycle_manager-19] [INFO] [1761232093.051891574] [lifecycle_manager_navigation]: [34m[1mConfiguring waypoint_follower[0m[0m
[waypoint_follower-15] [INFO] [1761232093.052065227] [waypoint_follower]: Configuring
[waypoint_follower-15] [INFO] [1761232093.065223095] [waypoint_follower]: Created waypoint_task_executor : wait_at_waypoint of type nav2_waypoint_follower::WaitAtWaypoint
[lifecycle_manager-19] [INFO] [1761232093.067361941] [lifecycle_manager_navigation]: [34m[1mConfiguring docking_server[0m[0m
[opennav_docking-18] [INFO] [1761232093.067942409] [docking_server]: Configuring docking_server
[opennav_docking-18] [INFO] [1761232093.068043394] [docking_server]: Controller frequency set to 50.0000Hz
[opennav_docking-18] [INFO] [1761232093.090711583] [docking_server]: Created charging dock plugin nova_carter_dock of type opennav_docking::SimpleChargingDock
[opennav_docking-18] [INFO] [1761232093.098584498] [docking_server]: Loading docks from parameter file.
[opennav_docking-18] [INFO] [1761232093.100001241] [docking_server]: Docking Server has 1 dock types and 3 dock instances available.
[lifecycle_manager-19] [INFO] [1761232093.105150464] [lifecycle_manager_navigation]: [34m[1mActivating controller_server[0m[0m
[controller_server-9] [INFO] [1761232093.105369879] [controller_server]: Activating
[controller_server-9] [INFO] [1761232093.105421662] [local_costmap.local_costmap]: Activating
[controller_server-9] [INFO] [1761232093.105461505] [local_costmap.local_costmap]: Checking transform
[controller_server-9] [INFO] [1761232093.105689401] [local_costmap.local_costmap]: start
[controller_server-9] [INFO] [1761232093.307644037] [controller_server]: Creating bond (controller_server) to lifecycle manager.
[lifecycle_manager-19] [INFO] [1761232093.410681582] [lifecycle_manager_navigation]: Server controller_server connected with bond.
[lifecycle_manager-19] [INFO] [1761232093.410782076] [lifecycle_manager_navigation]: [34m[1mActivating smoother_server[0m[0m
[smoother_server-10] [INFO] [1761232093.411438951] [smoother_server]: Activating
[smoother_server-10] [INFO] [1761232093.411513965] [smoother_server]: Creating bond (smoother_server) to lifecycle manager.
[lifecycle_manager-19] [INFO] [1761232093.514983836] [lifecycle_manager_navigation]: Server smoother_server connected with bond.
[lifecycle_manager-19] [INFO] [1761232093.515094898] [lifecycle_manager_navigation]: [34m[1mActivating planner_server[0m[0m
[planner_server-11] [INFO] [1761232093.515900275] [planner_server]: Activating
[planner_server-11] [INFO] [1761232093.515999740] [global_costmap.global_costmap]: Activating
[planner_server-11] [INFO] [1761232093.516019096] [global_costmap.global_costmap]: Checking transform
[planner_server-11] [INFO] [1761232093.516118220] [global_costmap.global_costmap]: Timed out waiting for transform from base_link to map to become available, tf error: Invalid frame ID "map" passed to canTransform argument target_frame - frame does not exist
[planner_server-11] [INFO] [1761232094.016145756] [global_costmap.global_costmap]: Timed out waiting for transform from base_link to map to become available, tf error: Invalid frame ID "map" passed to canTransform argument target_frame - frame does not exist
[amcl-7] [WARN] [1761232094.412168636] [amcl]: AMCL cannot publish a pose or update the transform. Please set the initial pose...
[planner_server-11] [INFO] [1761232094.516129322] [global_costmap.global_costmap]: Timed out waiting for transform from base_link to map to become available, tf error: Invalid frame ID "map" passed to canTransform argument target_frame - frame does not exist
[planner_server-11] [INFO] [1761232095.016126668] [global_costmap.global_costmap]: Timed out waiting for transform from base_link to map to become available, tf error: Invalid frame ID "map" passed to canTransform argument target_frame - frame does not exist
[planner_server-11] [INFO] [1761232095.516190607] [global_costmap.global_costmap]: Timed out waiting for transform from base_link to map to become available, tf error: Invalid frame ID "map" passed to canTransform argument target_frame - frame does not exist
[planner_server-11] [INFO] [1761232096.016151708] [global_costmap.global_costmap]: Timed out waiting for transform from base_link to map to become available, tf error: Invalid frame ID "map" passed to canTransform argument target_frame - frame does not exist
[planner_server-11] [INFO] [1761232096.516125934] [global_costmap.global_costmap]: Timed out waiting for transform from base_link to map to become available, tf error: Invalid frame ID "map" passed to canTransform argument target_frame - frame does not exist
[amcl-7] [WARN] [1761232096.703586265] [amcl]: AMCL cannot publish a pose or update the transform. Please set the initial pose...
[planner_server-11] [INFO] [1761232097.016155641] [global_costmap.global_costmap]: Timed out waiting for transform from base_link to map to become available, tf error: Invalid frame ID "map" passed to canTransform argument target_frame - frame does not exist
[INFO] [rviz2-20]: process started with pid [13436]
[planner_server-11] [INFO] [1761232097.516158811] [global_costmap.global_costmap]: Timed out waiting for transform from base_link to map to become available, tf error: Invalid frame ID "map" passed to canTransform argument target_frame - frame does not exist
[rviz2-20] [INFO] [1761232097.708800820] [rviz2]: Stereo is NOT SUPPORTED
[rviz2-20] [INFO] [1761232097.708932017] [rviz2]: OpenGl version: 4.6 (GLSL 4.6)
[rviz2-20] [INFO] [1761232097.729707087] [rviz2]: Stereo is NOT SUPPORTED
[rviz2-20] [INFO] [1761232097.843291937] [rviz2]: Subscribing to: /mobile_base/sensors/bumper_pointcloud
[rviz2-20] 
[rviz2-20] [INFO] [1761232097.844082414] [rviz2]: Subscribing to: /mobile_base/sensors/bumper_pointcloud
[rviz2-20] 
[amcl-7] [WARN] [1761232097.855926871] [amcl]: New subscription discovered on topic '/particle_cloud', requesting incompatible QoS. No messages will be sent to it. Last incompatible policy: RELIABILITY_QOS_POLICY
[rviz2-20] [INFO] [1761232097.879155368] [rviz2]: Subscribing to: /global_costmap/voxel_marked_cloud
[rviz2-20] 
[rviz2-20] [INFO] [1761232097.890120592] [rviz2]: Subscribing to: /local_costmap/voxel_marked_cloud
[rviz2-20] 
[rviz2-20] [INFO] [1761232097.915221970] [rviz2]: Subscribing to: /mobile_base/sensors/bumper_pointcloud
[rviz2-20] 
[rviz2-20] [INFO] [1761232097.922936013] [rviz2]: Subscribing to: /global_costmap/voxel_marked_cloud
[rviz2-20] 
[rviz2-20] [INFO] [1761232097.928868599] [rviz2]: Subscribing to: /local_costmap/voxel_marked_cloud
[rviz2-20] 
[rviz2-20] [WARN] [1761232097.979215171] [rcl.logging_rosout]: Publisher already registered for node name: 'rviz2'. If this is due to multiple nodes with the same name then all logs for the logger named 'rviz2' will go out over the existing publisher. As soon as any node with that name is destructed it will unregister the publisher, preventing any further logs for that name from being published on the rosout topic.
[rviz2-20] [INFO] [1761232097.988642117] [rviz2]: Trying to load plugins...
[rviz2-20] [WARN] [1761232097.990831046] [rcl.logging_rosout]: Publisher already registered for node name: 'rviz2'. If this is due to multiple nodes with the same name then all logs for the logger named 'rviz2' will go out over the existing publisher. As soon as any node with that name is destructed it will unregister the publisher, preventing any further logs for that name from being published on the rosout topic.
[planner_server-11] [INFO] [1761232098.016149391] [global_costmap.global_costmap]: Timed out waiting for transform from base_link to map to become available, tf error: Invalid frame ID "map" passed to canTransform argument target_frame - frame does not exist
[rviz2-20] [INFO] [1761232098.016682746] [rviz2]: Loading dock plugins
[rviz2-20] [INFO] [1761232098.080138233] [rviz2]: Trying to create a map of size 121 x 121 using 1 swatches
[rviz2-20] [ERROR] [1761232098.104407500] [rviz2]: rviz/glsl120/indexed_8bit_image.vert
[rviz2-20] rviz/glsl120/indexed_8bit_image.frag
[rviz2-20]  GLSL link result : 
[rviz2-20] active samplers with a different type refer to the same texture image unit
[planner_server-11] [INFO] [1761232098.516135369] [global_costmap.global_costmap]: Timed out waiting for transform from base_link to map to become available, tf error: Invalid frame ID "map" passed to canTransform argument target_frame - frame does not exist
[amcl-7] [WARN] [1761232098.993860827] [amcl]: AMCL cannot publish a pose or update the transform. Please set the initial pose...
[planner_server-11] [INFO] [1761232099.016132653] [global_costmap.global_costmap]: Timed out waiting for transform from base_link to map to become available, tf error: Invalid frame ID "map" passed to canTransform argument target_frame - frame does not exist
[rviz2-20] [INFO] [1761232099.106782951] [rviz2]: Message Filter dropping message: frame 'base_scan' at time 26.200 for reason 'discarding message because the queue is full'
[rviz2-20] [INFO] [1761232099.234905670] [rviz2]: Message Filter dropping message: frame 'base_scan' at time 26.300 for reason 'discarding message because the queue is full'
[rviz2-20] [INFO] [1761232099.331574354] [rviz2]: Message Filter dropping message: frame 'base_scan' at time 26.400 for reason 'discarding message because the queue is full'
[rviz2-20] [INFO] [1761232099.459329335] [rviz2]: Message Filter dropping message: frame 'base_scan' at time 26.500 for reason 'discarding message because the queue is full'
[planner_server-11] [INFO] [1761232099.516130244] [global_costmap.global_costmap]: Timed out waiting for transform from base_link to map to become available, tf error: Invalid frame ID "map" passed to canTransform argument target_frame - frame does not exist
[rviz2-20] [INFO] [1761232099.555272693] [rviz2]: Message Filter dropping message: frame 'base_scan' at time 26.600 for reason 'discarding message because the queue is full'
[rviz2-20] [INFO] [1761232099.651272341] [rviz2]: Message Filter dropping message: frame 'base_scan' at time 26.700 for reason 'discarding message because the queue is full'
[rviz2-20] [INFO] [1761232099.779489815] [rviz2]: Message Filter dropping message: frame 'base_scan' at time 26.800 for reason 'discarding message because the queue is full'
[rviz2-20] [INFO] [1761232099.875110029] [rviz2]: Message Filter dropping message: frame 'base_scan' at time 26.900 for reason 'discarding message because the queue is full'
[rviz2-20] [INFO] [1761232100.003068126] [rviz2]: Message Filter dropping message: frame 'base_scan' at time 27.000 for reason 'discarding message because the queue is full'
[planner_server-11] [INFO] [1761232100.016266796] [global_costmap.global_costmap]: Timed out waiting for transform from base_link to map to become available, tf error: Invalid frame ID "map" passed to canTransform argument target_frame - frame does not exist
[rviz2-20] [INFO] [1761232100.098639826] [rviz2]: Message Filter dropping message: frame 'base_scan' at time 27.100 for reason 'discarding message because the queue is full'
[rviz2-20] [INFO] [1761232100.131164868] [rviz2]: Message Filter dropping message: frame 'odom' at time 26.300 for reason 'discarding message because the queue is full'
[rviz2-20] [INFO] [1761232100.227064295] [rviz2]: Message Filter dropping message: frame 'base_scan' at time 27.200 for reason 'discarding message because the queue is full'
[rviz2-20] [INFO] [1761232100.322879502] [rviz2]: Message Filter dropping message: frame 'odom' at time 26.480 for reason 'discarding message because the queue is full'
[rviz2-20] [INFO] [1761232100.322968322] [rviz2]: Message Filter dropping message: frame 'base_scan' at time 27.300 for reason 'discarding message because the queue is full'
[rviz2-20] [INFO] [1761232100.451124001] [rviz2]: Message Filter dropping message: frame 'base_scan' at time 27.400 for reason 'discarding message because the queue is full'
[rviz2-20] [INFO] [1761232100.515145449] [rviz2]: Message Filter dropping message: frame 'odom' at time 26.660 for reason 'discarding message because the queue is full'
[planner_server-11] [INFO] [1761232100.516513226] [global_costmap.global_costmap]: Timed out waiting for transform from base_link to map to become available, tf error: Invalid frame ID "map" passed to canTransform argument target_frame - frame does not exist
[rviz2-20] [INFO] [1761232100.547248389] [rviz2]: Message Filter dropping message: frame 'base_scan' at time 27.500 for reason 'discarding message because the queue is full'
[rviz2-20] [INFO] [1761232100.675502325] [rviz2]: Message Filter dropping message: frame 'base_scan' at time 27.600 for reason 'discarding message because the queue is full'
[rviz2-20] [INFO] [1761232100.706604614] [rviz2]: Message Filter dropping message: frame 'odom' at time 26.840 for reason 'discarding message because the queue is full'
[rviz2-20] [INFO] [1761232100.771289170] [rviz2]: Message Filter dropping message: frame 'base_scan' at time 27.700 for reason 'discarding message because the queue is full'
[rviz2-20] [INFO] [1761232100.899071386] [rviz2]: Message Filter dropping message: frame 'base_scan' at time 27.800 for reason 'discarding message because the queue is full'
[rviz2-20] [INFO] [1761232100.930780189] [rviz2]: Message Filter dropping message: frame 'odom' at time 27.020 for reason 'discarding message because the queue is full'
[rviz2-20] [INFO] [1761232100.995374561] [rviz2]: Message Filter dropping message: frame 'base_scan' at time 27.900 for reason 'discarding message because the queue is full'
[planner_server-11] [INFO] [1761232101.016128050] [global_costmap.global_costmap]: Timed out waiting for transform from base_link to map to become available, tf error: Invalid frame ID "map" passed to canTransform argument target_frame - frame does not exist
[rviz2-20] [INFO] [1761232101.091069148] [rviz2]: Message Filter dropping message: frame 'base_scan' at time 28.000 for reason 'discarding message because the queue is full'
[rviz2-20] [INFO] [1761232101.122955467] [rviz2]: Message Filter dropping message: frame 'odom' at time 27.200 for reason 'discarding message because the queue is full'
[rviz2-20] [INFO] [1761232101.219559992] [rviz2]: Message Filter dropping message: frame 'base_scan' at time 28.100 for reason 'discarding message because the queue is full'
[amcl-7] [WARN] [1761232101.314014987] [amcl]: AMCL cannot publish a pose or update the transform. Please set the initial pose...
[rviz2-20] [INFO] [1761232101.315345544] [rviz2]: Message Filter dropping message: frame 'odom' at time 27.380 for reason 'discarding message because the queue is full'
[rviz2-20] [INFO] [1761232101.315665181] [rviz2]: Message Filter dropping message: frame 'base_scan' at time 28.200 for reason 'discarding message because the queue is full'
[rviz2-20] [INFO] [1761232101.443522511] [rviz2]: Message Filter dropping message: frame 'base_scan' at time 28.300 for reason 'discarding message because the queue is full'
[rviz2-20] [INFO] [1761232101.507675421] [rviz2]: Message Filter dropping message: frame 'odom' at time 27.560 for reason 'discarding message because the queue is full'
[planner_server-11] [INFO] [1761232101.516134503] [global_costmap.global_costmap]: Timed out waiting for transform from base_link to map to become available, tf error: Invalid frame ID "map" passed to canTransform argument target_frame - frame does not exist
[rviz2-20] [INFO] [1761232101.538820653] [rviz2]: Message Filter dropping message: frame 'base_scan' at time 28.400 for reason 'discarding message because the queue is full'
[rviz2-20] [INFO] [1761232101.666944389] [rviz2]: Message Filter dropping message: frame 'base_scan' at time 28.500 for reason 'discarding message because the queue is full'
[rviz2-20] [INFO] [1761232101.731195547] [rviz2]: Message Filter dropping message: frame 'odom' at time 27.740 for reason 'discarding message because the queue is full'
[rviz2-20] [INFO] [1761232101.762844746] [rviz2]: Message Filter dropping message: frame 'base_scan' at time 28.600 for reason 'discarding message because the queue is full'
[rviz2-20] [INFO] [1761232101.890679286] [rviz2]: Message Filter dropping message: frame 'base_scan' at time 28.700 for reason 'discarding message because the queue is full'
[rviz2-20] [INFO] [1761232101.922838880] [rviz2]: Message Filter dropping message: frame 'odom' at time 27.920 for reason 'discarding message because the queue is full'
[rviz2-20] [INFO] [1761232101.986702005] [rviz2]: Message Filter dropping message: frame 'base_scan' at time 28.800 for reason 'discarding message because the queue is full'
[planner_server-11] [INFO] [1761232102.016147607] [global_costmap.global_costmap]: Timed out waiting for transform from base_link to map to become available, tf error: Invalid frame ID "map" passed to canTransform argument target_frame - frame does not exist
[rviz2-20] [INFO] [1761232102.114881082] [rviz2]: Message Filter dropping message: frame 'odom' at time 28.120 for reason 'discarding message because the queue is full'
[rviz2-20] [INFO] [1761232102.115049693] [rviz2]: Message Filter dropping message: frame 'base_scan' at time 28.900 for reason 'discarding message because the queue is full'
[rviz2-20] [INFO] [1761232102.211410829] [rviz2]: Message Filter dropping message: frame 'base_scan' at time 29.000 for reason 'discarding message because the queue is full'
[rviz2-20] [INFO] [1761232102.307144453] [rviz2]: Message Filter dropping message: frame 'odom' at time 28.280 for reason 'discarding message because the queue is full'
[rviz2-20] [INFO] [1761232102.307233891] [rviz2]: Message Filter dropping message: frame 'base_scan' at time 29.100 for reason 'discarding message because the queue is full'
[rviz2-20] [INFO] [1761232102.435594089] [rviz2]: Message Filter dropping message: frame 'base_scan' at time 29.200 for reason 'discarding message because the queue is full'
[INFO] [twist_mux-21]: process started with pid [13500]
[planner_server-11] [INFO] [1761232102.516134542] [global_costmap.global_costmap]: Timed out waiting for transform from base_link to map to become available, tf error: Invalid frame ID "map" passed to canTransform argument target_frame - frame does not exist
[rviz2-20] [INFO] [1761232102.531488211] [rviz2]: Message Filter dropping message: frame 'odom' at time 28.460 for reason 'discarding message because the queue is full'
[rviz2-20] [INFO] [1761232102.531687011] [rviz2]: Message Filter dropping message: frame 'base_scan' at time 29.300 for reason 'discarding message because the queue is full'
[twist_mux-21] [INFO] [1761232102.533452092] [twist_mux]: Topic handler 'topics.keyboard' subscribed to topic '/cmd_vel_keyboard': timeout = 0.500000s , priority = 10.
[twist_mux-21] [INFO] [1761232102.534826815] [twist_mux]: Topic handler 'topics.navigation' subscribed to topic '/cmd_vel_nav': timeout = 0.500000s , priority = 10.
[rviz2-20] [INFO] [1761232102.658676374] [rviz2]: Message Filter dropping message: frame 'base_scan' at time 29.400 for reason 'discarding message because the queue is full'
[rviz2-20] [INFO] [1761232102.723788828] [rviz2]: Message Filter dropping message: frame 'odom' at time 28.660 for reason 'discarding message because the queue is full'
[rviz2-20] [INFO] [1761232102.755380022] [rviz2]: Message Filter dropping message: frame 'base_scan' at time 29.500 for reason 'discarding message because the queue is full'
[rviz2-20] [INFO] [1761232102.883102768] [rviz2]: Message Filter dropping message: frame 'base_scan' at time 29.600 for reason 'discarding message because the queue is full'
[rviz2-20] [INFO] [1761232102.915094652] [rviz2]: Message Filter dropping message: frame 'odom' at time 28.840 for reason 'discarding message because the queue is full'
[rviz2-20] [INFO] [1761232102.979507544] [rviz2]: Message Filter dropping message: frame 'base_scan' at time 29.700 for reason 'discarding message because the queue is full'
[planner_server-11] [INFO] [1761232103.016153220] [global_costmap.global_costmap]: Timed out waiting for transform from base_link to map to become available, tf error: Invalid frame ID "map" passed to canTransform argument target_frame - frame does not exist
[rviz2-20] [INFO] [1761232103.107137225] [rviz2]: Message Filter dropping message: frame 'odom' at time 29.020 for reason 'discarding message because the queue is full'
[rviz2-20] [INFO] [1761232103.107243300] [rviz2]: Message Filter dropping message: frame 'base_scan' at time 29.800 for reason 'discarding message because the queue is full'
[rviz2-20] [INFO] [1761232103.202649983] [rviz2]: Message Filter dropping message: frame 'base_scan' at time 29.900 for reason 'discarding message because the queue is full'
[rviz2-20] [INFO] [1761232103.331767552] [rviz2]: Message Filter dropping message: frame 'odom' at time 29.200 for reason 'discarding message because the queue is full'
[rviz2-20] [INFO] [1761232103.331939998] [rviz2]: Message Filter dropping message: frame 'base_scan' at time 30.000 for reason 'discarding message because the queue is full'
[rviz2-20] [INFO] [1761232103.427374237] [rviz2]: Message Filter dropping message: frame 'base_scan' at time 30.100 for reason 'discarding message because the queue is full'
[planner_server-11] [INFO] [1761232103.516127943] [global_costmap.global_costmap]: Timed out waiting for transform from base_link to map to become available, tf error: Invalid frame ID "map" passed to canTransform argument target_frame - frame does not exist
[rviz2-20] [INFO] [1761232103.523629073] [rviz2]: Message Filter dropping message: frame 'odom' at time 29.380 for reason 'discarding message because the queue is full'
[rviz2-20] [INFO] [1761232103.523761588] [rviz2]: Message Filter dropping message: frame 'base_scan' at time 30.200 for reason 'discarding message because the queue is full'
[amcl-7] [WARN] [1761232103.631102758] [amcl]: AMCL cannot publish a pose or update the transform. Please set the initial pose...
[rviz2-20] [INFO] [1761232103.651167548] [rviz2]: Message Filter dropping message: frame 'base_scan' at time 30.300 for reason 'discarding message because the queue is full'
[rviz2-20] [INFO] [1761232103.715742024] [rviz2]: Message Filter dropping message: frame 'odom' at time 29.560 for reason 'discarding message because the queue is full'
[rviz2-20] [INFO] [1761232103.747374728] [rviz2]: Message Filter dropping message: frame 'base_scan' at time 30.400 for reason 'discarding message because the queue is full'
[rviz2-20] [INFO] [1761232103.875367520] [rviz2]: Message Filter dropping message: frame 'base_scan' at time 30.500 for reason 'discarding message because the queue is full'
[rviz2-20] [INFO] [1761232103.907544301] [rviz2]: Message Filter dropping message: frame 'odom' at time 29.740 for reason 'discarding message because the queue is full'
[rviz2-20] [INFO] [1761232103.971556501] [rviz2]: Message Filter dropping message: frame 'base_scan' at time 30.600 for reason 'discarding message because the queue is full'
[planner_server-11] [INFO] [1761232104.016165388] [global_costmap.global_costmap]: Timed out waiting for transform from base_link to map to become available, tf error: Invalid frame ID "map" passed to canTransform argument target_frame - frame does not exist
[rviz2-20] [INFO] [1761232104.099184833] [rviz2]: Message Filter dropping message: frame 'base_scan' at time 30.700 for reason 'discarding message because the queue is full'
[rviz2-20] [INFO] [1761232104.131041054] [rviz2]: Message Filter dropping message: frame 'odom' at time 29.920 for reason 'discarding message because the queue is full'
[rviz2-20] [INFO] [1761232104.194915060] [rviz2]: Message Filter dropping message: frame 'base_scan' at time 30.800 for reason 'discarding message because the queue is full'
[rviz2-20] [INFO] [1761232104.322857602] [rviz2]: Message Filter dropping message: frame 'odom' at time 30.100 for reason 'discarding message because the queue is full'
[rviz2-20] [INFO] [1761232104.322942794] [rviz2]: Message Filter dropping message: frame 'odom' at time 26.488 for reason 'discarding message because the queue is full'
[rviz2-20] [INFO] [1761232104.322968531] [rviz2]: Message Filter dropping message: frame 'base_scan' at time 30.900 for reason 'discarding message because the queue is full'
[rviz2-20] [INFO] [1761232104.419556946] [rviz2]: Message Filter dropping message: frame 'base_scan' at time 31.000 for reason 'discarding message because the queue is full'
[rviz2-20] [INFO] [1761232104.515259470] [rviz2]: Message Filter dropping message: frame 'odom' at time 30.280 for reason 'discarding message because the queue is full'
[planner_server-11] [INFO] [1761232104.516621865] [global_costmap.global_costmap]: Timed out waiting for transform from base_link to map to become available, tf error: Invalid frame ID "map" passed to canTransform argument target_frame - frame does not exist
[rviz2-20] [INFO] [1761232104.547338467] [rviz2]: Message Filter dropping message: frame 'base_scan' at time 31.100 for reason 'discarding message because the queue is full'
[rviz2-20] [INFO] [1761232104.643008154] [rviz2]: Message Filter dropping message: frame 'base_scan' at time 31.200 for reason 'discarding message because the queue is full'
[rviz2-20] [INFO] [1761232104.706877383] [rviz2]: Message Filter dropping message: frame 'odom' at time 30.460 for reason 'discarding message because the queue is full'
[rviz2-20] [INFO] [1761232104.771618508] [rviz2]: Message Filter dropping message: frame 'base_scan' at time 31.300 for reason 'discarding message because the queue is full'
[rviz2-20] [INFO] [1761232104.866879545] [rviz2]: Message Filter dropping message: frame 'base_scan' at time 31.400 for reason 'discarding message because the queue is full'
[rviz2-20] [INFO] [1761232104.931123777] [rviz2]: Message Filter dropping message: frame 'odom' at time 30.640 for reason 'discarding message because the queue is full'
[rviz2-20] [INFO] [1761232104.931306752] [rviz2]: Message Filter dropping message: frame 'odom' at time 27.031 for reason 'discarding message because the queue is full'
[rviz2-20] [INFO] [1761232104.995614282] [rviz2]: Message Filter dropping message: frame 'base_scan' at time 31.500 for reason 'discarding message because the queue is full'
[planner_server-11] [INFO] [1761232105.016213982] [global_costmap.global_costmap]: Timed out waiting for transform from base_link to map to become available, tf error: Invalid frame ID "map" passed to canTransform argument target_frame - frame does not exist
[rviz2-20] [INFO] [1761232105.090973013] [rviz2]: Message Filter dropping message: frame 'base_scan' at time 31.600 for reason 'discarding message because the queue is full'
[rviz2-20] [INFO] [1761232105.122654287] [rviz2]: Message Filter dropping message: frame 'odom' at time 30.820 for reason 'discarding message because the queue is full'
[rviz2-20] [INFO] [1761232105.219395240] [rviz2]: Message Filter dropping message: frame 'base_scan' at time 31.700 for reason 'discarding message because the queue is full'
[rviz2-20] [INFO] [1761232105.315614751] [rviz2]: Message Filter dropping message: frame 'odom' at time 31.000 for reason 'discarding message because the queue is full'
[rviz2-20] [INFO] [1761232105.315702648] [rviz2]: Message Filter dropping message: frame 'base_scan' at time 31.800 for reason 'discarding message because the queue is full'
[rviz2-20] [INFO] [1761232105.443501737] [rviz2]: Message Filter dropping message: frame 'base_scan' at time 31.900 for reason 'discarding message because the queue is full'
[rviz2-20] [INFO] [1761232105.508320632] [rviz2]: Message Filter dropping message: frame 'odom' at time 31.180 for reason 'discarding message because the queue is full'
[rviz2-20] [INFO] [1761232105.508420772] [rviz2]: Message Filter dropping message: frame 'odom' at time 27.579 for reason 'discarding message because the queue is full'
[planner_server-11] [INFO] [1761232105.516146089] [global_costmap.global_costmap]: Timed out waiting for transform from base_link to map to become available, tf error: Invalid frame ID "map" passed to canTransform argument target_frame - frame does not exist
[rviz2-20] [INFO] [1761232105.603020423] [rviz2]: Message Filter dropping message: frame 'base_scan' at time 32.000 for reason 'discarding message because the queue is full'
[rviz2-20] [INFO] [1761232105.699345635] [rviz2]: Message Filter dropping message: frame 'base_scan' at time 32.100 for reason 'discarding message because the queue is full'
[rviz2-20] [INFO] [1761232105.730885959] [rviz2]: Message Filter dropping message: frame 'odom' at time 31.360 for reason 'discarding message because the queue is full'
[rviz2-20] [INFO] [1761232105.826958293] [rviz2]: Message Filter dropping message: frame 'base_scan' at time 32.200 for reason 'discarding message because the queue is full'
[amcl-7] [WARN] [1761232105.908697448] [amcl]: AMCL cannot publish a pose or update the transform. Please set the initial pose...
[rviz2-20] [INFO] [1761232105.923358629] [rviz2]: Message Filter dropping message: frame 'odom' at time 31.540 for reason 'discarding message because the queue is full'
[rviz2-20] [INFO] [1761232105.923465048] [rviz2]: Message Filter dropping message: frame 'base_scan' at time 32.300 for reason 'discarding message because the queue is full'
[planner_server-11] [INFO] [1761232106.016136150] [global_costmap.global_costmap]: Timed out waiting for transform from base_link to map to become available, tf error: Invalid frame ID "map" passed to canTransform argument target_frame - frame does not exist
[rviz2-20] [INFO] [1761232106.019047836] [rviz2]: Message Filter dropping message: frame 'base_scan' at time 32.400 for reason 'discarding message because the queue is full'
[rviz2-20] [INFO] [1761232106.114796342] [rviz2]: Message Filter dropping message: frame 'odom' at time 31.720 for reason 'discarding message because the queue is full'
[rviz2-20] [INFO] [1761232106.114901295] [rviz2]: Message Filter dropping message: frame 'odom' at time 28.120 for reason 'discarding message because the queue is full'
[rviz2-20] [INFO] [1761232106.146962627] [rviz2]: Message Filter dropping message: frame 'base_scan' at time 32.500 for reason 'discarding message because the queue is full'
[rviz2-20] [INFO] [1761232106.307274769] [rviz2]: Message Filter dropping message: frame 'odom' at time 31.900 for reason 'discarding message because the queue is full'
[rviz2-20] [INFO] [1761232106.307414352] [rviz2]: Message Filter dropping message: frame 'base_scan' at time 32.600 for reason 'discarding message because the queue is full'
[rviz2-20] [INFO] [1761232106.435242460] [rviz2]: Message Filter dropping message: frame 'base_scan' at time 32.700 for reason 'discarding message because the queue is full'
[planner_server-11] [INFO] [1761232106.516157422] [global_costmap.global_costmap]: Timed out waiting for transform from base_link to map to become available, tf error: Invalid frame ID "map" passed to canTransform argument target_frame - frame does not exist
[rviz2-20] [INFO] [1761232106.531301857] [rviz2]: Message Filter dropping message: frame 'odom' at time 32.080 for reason 'discarding message because the queue is full'
[rviz2-20] [INFO] [1761232106.563559276] [rviz2]: Message Filter dropping message: frame 'base_scan' at time 32.800 for reason 'discarding message because the queue is full'
[rviz2-20] [INFO] [1761232106.691764756] [rviz2]: Message Filter dropping message: frame 'base_scan' at time 32.900 for reason 'discarding message because the queue is full'
[rviz2-20] [INFO] [1761232106.723144639] [rviz2]: Message Filter dropping message: frame 'odom' at time 32.260 for reason 'discarding message because the queue is full'
[rviz2-20] [INFO] [1761232106.787343064] [rviz2]: Message Filter dropping message: frame 'base_scan' at time 33.000 for reason 'discarding message because the queue is full'
[rviz2-20] [INFO] [1761232106.914800743] [rviz2]: Message Filter dropping message: frame 'odom' at time 32.440 for reason 'discarding message because the queue is full'
[rviz2-20] [INFO] [1761232106.915103410] [rviz2]: Message Filter dropping message: frame 'odom' at time 28.663 for reason 'discarding message because the queue is full'
[rviz2-20] [INFO] [1761232106.915155331] [rviz2]: Message Filter dropping message: frame 'base_scan' at time 33.100 for reason 'discarding message because the queue is full'
[rviz2-20] [INFO] [1761232107.011054010] [rviz2]: Message Filter dropping message: frame 'base_scan' at time 33.200 for reason 'discarding message because the queue is full'
[planner_server-11] [INFO] [1761232107.016140834] [global_costmap.global_costmap]: Timed out waiting for transform from base_link to map to become available, tf error: Invalid frame ID "map" passed to canTransform argument target_frame - frame does not exist
[rviz2-20] [INFO] [1761232107.107014949] [rviz2]: Message Filter dropping message: frame 'odom' at time 32.620 for reason 'discarding message because the queue is full'
[rviz2-20] [INFO] [1761232107.139194784] [rviz2]: Message Filter dropping message: frame 'base_scan' at time 33.300 for reason 'discarding message because the queue is full'
[rviz2-20] [INFO] [1761232107.266660918] [rviz2]: Message Filter dropping message: frame 'base_scan' at time 33.400 for reason 'discarding message because the queue is full'
[rviz2-20] [INFO] [1761232107.331660669] [rviz2]: Message Filter dropping message: frame 'odom' at time 32.800 for reason 'discarding message because the queue is full'
[rviz2-20] [INFO] [1761232107.363739979] [rviz2]: Message Filter dropping message: frame 'base_scan' at time 33.500 for reason 'discarding message because the queue is full'
[rviz2-20] [INFO] [1761232107.459942787] [rviz2]: Message Filter dropping message: frame 'base_scan' at time 33.600 for reason 'discarding message because the queue is full'
[planner_server-11] [INFO] [1761232107.516126588] [global_costmap.global_costmap]: Timed out waiting for transform from base_link to map to become available, tf error: Invalid frame ID "map" passed to canTransform argument target_frame - frame does not exist
[rviz2-20] [INFO] [1761232107.523605819] [rviz2]: Message Filter dropping message: frame 'odom' at time 32.960 for reason 'discarding message because the queue is full'
[rviz2-20] [INFO] [1761232107.523693014] [rviz2]: Message Filter dropping message: frame 'odom' at time 29.206 for reason 'discarding message because the queue is full'
[rviz2-20] [INFO] [1761232107.587724435] [rviz2]: Message Filter dropping message: frame 'base_scan' at time 33.700 for reason 'discarding message because the queue is full'
[rviz2-20] [INFO] [1761232107.715917459] [rviz2]: Message Filter dropping message: frame 'odom' at time 33.120 for reason 'discarding message because the queue is full'
[rviz2-20] [INFO] [1761232107.779299223] [rviz2]: Message Filter dropping message: frame 'base_scan' at time 33.800 for reason 'discarding message because the queue is full'
[rviz2-20] [INFO] [1761232107.907411304] [rviz2]: Message Filter dropping message: frame 'odom' at time 33.300 for reason 'discarding message because the queue is full'
[rviz2-20] [INFO] [1761232107.907686510] [rviz2]: Message Filter dropping message: frame 'base_scan' at time 33.900 for reason 'discarding message because the queue is full'
[planner_server-11] [INFO] [1761232108.016174161] [global_costmap.global_costmap]: Timed out waiting for transform from base_link to map to become available, tf error: Invalid frame ID "map" passed to canTransform argument target_frame - frame does not exist
[rviz2-20] [INFO] [1761232108.034942275] [rviz2]: Message Filter dropping message: frame 'base_scan' at time 34.000 for reason 'discarding message because the queue is full'
[rviz2-20] [INFO] [1761232108.131318026] [rviz2]: Message Filter dropping message: frame 'odom' at time 33.480 for reason 'discarding message because the queue is full'
[rviz2-20] [INFO] [1761232108.163399886] [rviz2]: Message Filter dropping message: frame 'base_scan' at time 34.100 for reason 'discarding message because the queue is full'
[rviz2-20] [INFO] [1761232108.260000132] [rviz2]: Message Filter dropping message: frame 'base_scan' at time 34.200 for reason 'discarding message because the queue is full'
[rviz2-20] [INFO] [1761232108.323787858] [rviz2]: Message Filter dropping message: frame 'odom' at time 33.600 for reason 'discarding message because the queue is full'
[rviz2-20] [INFO] [1761232108.324184143] [rviz2]: Message Filter dropping message: frame 'odom' at time 29.747 for reason 'discarding message because the queue is full'
[amcl-7] [WARN] [1761232108.374798621] [amcl]: AMCL cannot publish a pose or update the transform. Please set the initial pose...
[rviz2-20] [INFO] [1761232108.388189515] [rviz2]: Message Filter dropping message: frame 'base_scan' at time 34.300 for reason 'discarding message because the queue is full'
[rviz2-20] [INFO] [1761232108.515295030] [rviz2]: Message Filter dropping message: frame 'odom' at time 33.780 for reason 'discarding message because the queue is full'
[rviz2-20] [INFO] [1761232108.515385239] [rviz2]: Message Filter dropping message: frame 'base_scan' at time 34.400 for reason 'discarding message because the queue is full'
[planner_server-11] [INFO] [1761232108.516145032] [global_costmap.global_costmap]: Timed out waiting for transform from base_link to map to become available, tf error: Invalid frame ID "map" passed to canTransform argument target_frame - frame does not exist
[rviz2-20] [INFO] [1761232108.610918467] [rviz2]: Message Filter dropping message: frame 'base_scan' at time 34.500 for reason 'discarding message because the queue is full'
[rviz2-20] [INFO] [1761232108.707393890] [rviz2]: Message Filter dropping message: frame 'odom' at time 33.940 for reason 'discarding message because the queue is full'
[rviz2-20] [INFO] [1761232108.739352559] [rviz2]: Message Filter dropping message: frame 'base_scan' at time 34.600 for reason 'discarding message because the queue is full'
[rviz2-20] [INFO] [1761232108.866964946] [rviz2]: Message Filter dropping message: frame 'base_scan' at time 34.700 for reason 'discarding message because the queue is full'
[rviz2-20] [INFO] [1761232108.931140674] [rviz2]: Message Filter dropping message: frame 'odom' at time 34.120 for reason 'discarding message because the queue is full'
[rviz2-20] [INFO] [1761232108.931286422] [rviz2]: Message Filter dropping message: frame 'odom' at time 30.294 for reason 'discarding message because the queue is full'
[rviz2-20] [INFO] [1761232108.963073926] [rviz2]: Message Filter dropping message: frame 'base_scan' at time 34.800 for reason 'discarding message because the queue is full'
[planner_server-11] [INFO] [1761232109.016146697] [global_costmap.global_costmap]: Timed out waiting for transform from base_link to map to become available, tf error: Invalid frame ID "map" passed to canTransform argument target_frame - frame does not exist
[rviz2-20] [INFO] [1761232109.091510113] [rviz2]: Message Filter dropping message: frame 'base_scan' at time 34.900 for reason 'discarding message because the queue is full'
[rviz2-20] [INFO] [1761232109.123255364] [rviz2]: Message Filter dropping message: frame 'odom' at time 34.300 for reason 'discarding message because the queue is full'
[rviz2-20] [INFO] [1761232109.187630282] [rviz2]: Message Filter dropping message: frame 'base_scan' at time 35.000 for reason 'discarding message because the queue is full'
[rviz2-20] [INFO] [1761232109.315875871] [rviz2]: Message Filter dropping message: frame 'odom' at time 34.480 for reason 'discarding message because the queue is full'
[rviz2-20] [INFO] [1761232109.315979421] [rviz2]: Message Filter dropping message: frame 'base_scan' at time 35.100 for reason 'discarding message because the queue is full'
[rviz2-20] [INFO] [1761232109.411109522] [rviz2]: Message Filter dropping message: frame 'base_scan' at time 35.200 for reason 'discarding message because the queue is full'
[rviz2-20] [INFO] [1761232109.507023907] [rviz2]: Message Filter dropping message: frame 'odom' at time 34.640 for reason 'discarding message because the queue is full'
[rviz2-20] [INFO] [1761232109.507131373] [rviz2]: Message Filter dropping message: frame 'odom' at time 30.832 for reason 'discarding message because the queue is full'
[planner_server-11] [INFO] [1761232109.516132186] [global_costmap.global_costmap]: Timed out waiting for transform from base_link to map to become available, tf error: Invalid frame ID "map" passed to canTransform argument target_frame - frame does not exist
[rviz2-20] [INFO] [1761232109.538915733] [rviz2]: Message Filter dropping message: frame 'base_scan' at time 35.300 for reason 'discarding message because the queue is full'
[rviz2-20] [INFO] [1761232109.635372224] [rviz2]: Message Filter dropping message: frame 'base_scan' at time 35.400 for reason 'discarding message because the queue is full'
[rviz2-20] [INFO] [1761232109.730799066] [rviz2]: Message Filter dropping message: frame 'odom' at time 34.760 for reason 'discarding message because the queue is full'
[rviz2-20] [INFO] [1761232109.763656482] [rviz2]: Message Filter dropping message: frame 'base_scan' at time 35.500 for reason 'discarding message because the queue is full'
[rviz2-20] [INFO] [1761232109.859586872] [rviz2]: Message Filter dropping message: frame 'base_scan' at time 35.600 for reason 'discarding message because the queue is full'
[rviz2-20] [INFO] [1761232109.924322925] [rviz2]: Message Filter dropping message: frame 'odom' at time 34.920 for reason 'discarding message because the queue is full'
[rviz2-20] [INFO] [1761232109.987079995] [rviz2]: Message Filter dropping message: frame 'base_scan' at time 35.700 for reason 'discarding message because the queue is full'
[planner_server-11] [INFO] [1761232110.016133996] [global_costmap.global_costmap]: Timed out waiting for transform from base_link to map to become available, tf error: Invalid frame ID "map" passed to canTransform argument target_frame - frame does not exist
[rviz2-20] [INFO] [1761232110.115143512] [rviz2]: Message Filter dropping message: frame 'odom' at time 35.080 for reason 'discarding message because the queue is full'
[rviz2-20] [INFO] [1761232110.115242723] [rviz2]: Message Filter dropping message: frame 'odom' at time 31.381 for reason 'discarding message because the queue is full'
[rviz2-20] [INFO] [1761232110.115280320] [rviz2]: Message Filter dropping message: frame 'base_scan' at time 35.800 for reason 'discarding message because the queue is full'
[rviz2-20] [INFO] [1761232110.243036060] [rviz2]: Message Filter dropping message: frame 'base_scan' at time 35.900 for reason 'discarding message because the queue is full'
[rviz2-20] [INFO] [1761232110.307392689] [rviz2]: Message Filter dropping message: frame 'odom' at time 35.240 for reason 'discarding message because the queue is full'
[rviz2-20] [INFO] [1761232110.339100575] [rviz2]: Message Filter dropping message: frame 'base_scan' at time 36.000 for reason 'discarding message because the queue is full'
[rviz2-20] [INFO] [1761232110.435500366] [rviz2]: Message Filter dropping message: frame 'base_scan' at time 36.100 for reason 'discarding message because the queue is full'
[planner_server-11] [INFO] [1761232110.516126453] [global_costmap.global_costmap]: Timed out waiting for transform from base_link to map to become available, tf error: Invalid frame ID "map" passed to canTransform argument target_frame - frame does not exist
[rviz2-20] [INFO] [1761232110.531504552] [rviz2]: Message Filter dropping message: frame 'odom' at time 35.420 for reason 'discarding message because the queue is full'
[rviz2-20] [INFO] [1761232110.563471617] [rviz2]: Message Filter dropping message: frame 'base_scan' at time 36.200 for reason 'discarding message because the queue is full'
[rviz2-20] [INFO] [1761232110.691295804] [rviz2]: Message Filter dropping message: frame 'base_scan' at time 36.300 for reason 'discarding message because the queue is full'
[rviz2-20] [INFO] [1761232110.723319000] [rviz2]: Message Filter dropping message: frame 'odom' at time 35.600 for reason 'discarding message because the queue is full'
[rviz2-20] [INFO] [1761232110.723476097] [rviz2]: Message Filter dropping message: frame 'odom' at time 31.920 for reason 'discarding message because the queue is full'
[amcl-7] [WARN] [1761232110.775951298] [amcl]: AMCL cannot publish a pose or update the transform. Please set the initial pose...
[rviz2-20] [INFO] [1761232110.787701454] [rviz2]: Message Filter dropping message: frame 'base_scan' at time 36.400 for reason 'discarding message because the queue is full'
[rviz2-20] [INFO] [1761232110.915497757] [rviz2]: Message Filter dropping message: frame 'odom' at time 35.760 for reason 'discarding message because the queue is full'
[rviz2-20] [INFO] [1761232110.915643887] [rviz2]: Message Filter dropping message: frame 'base_scan' at time 36.500 for reason 'discarding message because the queue is full'
[rviz2-20] [INFO] [1761232111.011327702] [rviz2]: Message Filter dropping message: frame 'base_scan' at time 36.600 for reason 'discarding message because the queue is full'
[planner_server-11] [INFO] [1761232111.016134585] [global_costmap.global_costmap]: Timed out waiting for transform from base_link to map to become available, tf error: Invalid frame ID "map" passed to canTransform argument target_frame - frame does not exist
[rviz2-20] [INFO] [1761232111.108283843] [rviz2]: Message Filter dropping message: frame 'odom' at time 35.940 for reason 'discarding message because the queue is full'
[rviz2-20] [INFO] [1761232111.139359209] [rviz2]: Message Filter dropping message: frame 'base_scan' at time 36.700 for reason 'discarding message because the queue is full'
[rviz2-20] [INFO] [1761232111.267114806] [rviz2]: Message Filter dropping message: frame 'base_scan' at time 36.800 for reason 'discarding message because the queue is full'
[rviz2-20] [INFO] [1761232111.331583259] [rviz2]: Message Filter dropping message: frame 'odom' at time 36.120 for reason 'discarding message because the queue is full'
[rviz2-20] [INFO] [1761232111.331725211] [rviz2]: Message Filter dropping message: frame 'odom' at time 32.457 for reason 'discarding message because the queue is full'
[rviz2-20] [INFO] [1761232111.363291359] [rviz2]: Message Filter dropping message: frame 'base_scan' at time 36.900 for reason 'discarding message because the queue is full'
[rviz2-20] [INFO] [1761232111.491262791] [rviz2]: Message Filter dropping message: frame 'base_scan' at time 37.000 for reason 'discarding message because the queue is full'
[planner_server-11] [INFO] [1761232111.516143494] [global_costmap.global_costmap]: Timed out waiting for transform from base_link to map to become available, tf error: Invalid frame ID "map" passed to canTransform argument target_frame - frame does not exist
[rviz2-20] [INFO] [1761232111.523720419] [rviz2]: Message Filter dropping message: frame 'odom' at time 36.300 for reason 'discarding message because the queue is full'
[rviz2-20] [INFO] [1761232111.619194042] [rviz2]: Message Filter dropping message: frame 'base_scan' at time 37.100 for reason 'discarding message because the queue is full'
[rviz2-20] [INFO] [1761232111.714950135] [rviz2]: Message Filter dropping message: frame 'odom' at time 36.460 for reason 'discarding message because the queue is full'
[rviz2-20] [INFO] [1761232111.747253941] [rviz2]: Message Filter dropping message: frame 'base_scan' at time 37.200 for reason 'discarding message because the queue is full'
[rviz2-20] [INFO] [1761232111.843512700] [rviz2]: Message Filter dropping message: frame 'base_scan' at time 37.300 for reason 'discarding message because the queue is full'
[rviz2-20] [INFO] [1761232111.907942059] [rviz2]: Message Filter dropping message: frame 'odom' at time 36.640 for reason 'discarding message because the queue is full'
[rviz2-20] [INFO] [1761232111.908049329] [rviz2]: Message Filter dropping message: frame 'odom' at time 32.966 for reason 'discarding message because the queue is full'
[rviz2-20] [INFO] [1761232111.972334228] [rviz2]: Message Filter dropping message: frame 'base_scan' at time 37.400 for reason 'discarding message because the queue is full'
[planner_server-11] [INFO] [1761232112.016168462] [global_costmap.global_costmap]: Timed out waiting for transform from base_link to map to become available, tf error: Invalid frame ID "map" passed to canTransform argument target_frame - frame does not exist
[rviz2-20] [INFO] [1761232112.067572531] [rviz2]: Message Filter dropping message: frame 'base_scan' at time 37.500 for reason 'discarding message because the queue is full'
[rviz2-20] [INFO] [1761232112.131154942] [rviz2]: Message Filter dropping message: frame 'odom' at time 36.820 for reason 'discarding message because the queue is full'
[rviz2-20] [INFO] [1761232112.195110058] [rviz2]: Message Filter dropping message: frame 'base_scan' at time 37.600 for reason 'discarding message because the queue is full'
[rviz2-20] [INFO] [1761232112.323277986] [rviz2]: Message Filter dropping message: frame 'odom' at time 36.980 for reason 'discarding message because the queue is full'
[rviz2-20] [INFO] [1761232112.323451586] [rviz2]: Message Filter dropping message: frame 'base_scan' at time 37.700 for reason 'discarding message because the queue is full'
[rviz2-20] [INFO] [1761232112.419618726] [rviz2]: Message Filter dropping message: frame 'base_scan' at time 37.800 for reason 'discarding message because the queue is full'
[rviz2-20] [INFO] [1761232112.515001318] [rviz2]: Message Filter dropping message: frame 'odom' at time 37.160 for reason 'discarding message because the queue is full'
[rviz2-20] [INFO] [1761232112.515123570] [rviz2]: Message Filter dropping message: frame 'odom' at time 33.485 for reason 'discarding message because the queue is full'
[planner_server-11] [INFO] [1761232112.516417713] [global_costmap.global_costmap]: Timed out waiting for transform from base_link to map to become available, tf error: Invalid frame ID "map" passed to canTransform argument target_frame - frame does not exist
[rviz2-20] [INFO] [1761232112.547251005] [rviz2]: Message Filter dropping message: frame 'base_scan' at time 37.900 for reason 'discarding message because the queue is full'
[rviz2-20] [INFO] [1761232112.644112491] [rviz2]: Message Filter dropping message: frame 'base_scan' at time 38.000 for reason 'discarding message because the queue is full'
[rviz2-20] [INFO] [1761232112.708332352] [rviz2]: Message Filter dropping message: frame 'odom' at time 37.340 for reason 'discarding message because the queue is full'
[rviz2-20] [INFO] [1761232112.771180246] [rviz2]: Message Filter dropping message: frame 'base_scan' at time 38.100 for reason 'discarding message because the queue is full'
[rviz2-20] [INFO] [1761232112.867327503] [rviz2]: Message Filter dropping message: frame 'base_scan' at time 38.200 for reason 'discarding message because the queue is full'
[rviz2-20] [INFO] [1761232112.932358749] [rviz2]: Message Filter dropping message: frame 'odom' at time 37.500 for reason 'discarding message because the queue is full'
[rviz2-20] [INFO] [1761232112.995992833] [rviz2]: Message Filter dropping message: frame 'base_scan' at time 38.300 for reason 'discarding message because the queue is full'
[planner_server-11] [INFO] [1761232113.016169693] [global_costmap.global_costmap]: Timed out waiting for transform from base_link to map to become available, tf error: Invalid frame ID "map" passed to canTransform argument target_frame - frame does not exist
[amcl-7] [WARN] [1761232113.090826590] [amcl]: AMCL cannot publish a pose or update the transform. Please set the initial pose...
[rviz2-20] [INFO] [1761232113.091332688] [rviz2]: Message Filter dropping message: frame 'base_scan' at time 38.400 for reason 'discarding message because the queue is full'
[rviz2-20] [INFO] [1761232113.122792539] [rviz2]: Message Filter dropping message: frame 'odom' at time 37.680 for reason 'discarding message because the queue is full'
[rviz2-20] [INFO] [1761232113.122886173] [rviz2]: Message Filter dropping message: frame 'odom' at time 34.127 for reason 'discarding message because the queue is full'
[rviz2-20] [INFO] [1761232113.219155683] [rviz2]: Message Filter dropping message: frame 'base_scan' at time 38.500 for reason 'discarding message because the queue is full'
[rviz2-20] [INFO] [1761232113.315292789] [rviz2]: Message Filter dropping message: frame 'odom' at time 37.860 for reason 'discarding message because the queue is full'
[rviz2-20] [INFO] [1761232113.347340286] [rviz2]: Message Filter dropping message: frame 'base_scan' at time 38.600 for reason 'discarding message because the queue is full'
[rviz2-20] [INFO] [1761232113.475532572] [rviz2]: Message Filter dropping message: frame 'base_scan' at time 38.700 for reason 'discarding message because the queue is full'
[rviz2-20] [INFO] [1761232113.508019825] [rviz2]: Message Filter dropping message: frame 'odom' at time 38.020 for reason 'discarding message because the queue is full'
[planner_server-11] [INFO] [1761232113.516141267] [global_costmap.global_costmap]: Timed out waiting for transform from base_link to map to become available, tf error: Invalid frame ID "map" passed to canTransform argument target_frame - frame does not exist
[rviz2-20] [INFO] [1761232113.571572138] [rviz2]: Message Filter dropping message: frame 'base_scan' at time 38.800 for reason 'discarding message because the queue is full'
[rviz2-20] [INFO] [1761232113.699606317] [rviz2]: Message Filter dropping message: frame 'base_scan' at time 38.900 for reason 'discarding message because the queue is full'
[rviz2-20] [INFO] [1761232113.731010178] [rviz2]: Message Filter dropping message: frame 'odom' at time 38.200 for reason 'discarding message because the queue is full'
[rviz2-20] [INFO] [1761232113.731107670] [rviz2]: Message Filter dropping message: frame 'odom' at time 34.652 for reason 'discarding message because the queue is full'
[rviz2-20] [INFO] [1761232113.795354156] [rviz2]: Message Filter dropping message: frame 'base_scan' at time 39.000 for reason 'discarding message because the queue is full'
[rviz2-20] [INFO] [1761232113.923116688] [rviz2]: Message Filter dropping message: frame 'odom' at time 38.360 for reason 'discarding message because the queue is full'
[rviz2-20] [INFO] [1761232113.923350945] [rviz2]: Message Filter dropping message: frame 'base_scan' at time 39.100 for reason 'discarding message because the queue is full'
[planner_server-11] [INFO] [1761232114.016128803] [global_costmap.global_costmap]: Timed out waiting for transform from base_link to map to become available, tf error: Invalid frame ID "map" passed to canTransform argument target_frame - frame does not exist
[rviz2-20] [INFO] [1761232114.051319709] [rviz2]: Message Filter dropping message: frame 'base_scan' at time 39.200 for reason 'discarding message because the queue is full'
[rviz2-20] [INFO] [1761232114.117952147] [rviz2]: Message Filter dropping message: frame 'odom' at time 38.540 for reason 'discarding message because the queue is full'
[rviz2-20] [INFO] [1761232114.180101429] [rviz2]: Message Filter dropping message: frame 'base_scan' at time 39.300 for reason 'discarding message because the queue is full'
[rviz2-20] [INFO] [1761232114.274902462] [rviz2]: Message Filter dropping message: frame 'base_scan' at time 39.400 for reason 'discarding message because the queue is full'
[rviz2-20] [INFO] [1761232114.307369176] [rviz2]: Message Filter dropping message: frame 'odom' at time 38.720 for reason 'discarding message because the queue is full'
[rviz2-20] [INFO] [1761232114.307502297] [rviz2]: Message Filter dropping message: frame 'odom' at time 35.260 for reason 'discarding message because the queue is full'
[rviz2-20] [INFO] [1761232114.403251288] [rviz2]: Message Filter dropping message: frame 'base_scan' at time 39.500 for reason 'discarding message because the queue is full'
[planner_server-11] [INFO] [1761232114.516194233] [global_costmap.global_costmap]: Timed out waiting for transform from base_link to map to become available, tf error: Invalid frame ID "map" passed to canTransform argument target_frame - frame does not exist
[rviz2-20] [INFO] [1761232114.531072414] [rviz2]: Message Filter dropping message: frame 'odom' at time 38.880 for reason 'discarding message because the queue is full'
[rviz2-20] [INFO] [1761232114.531216468] [rviz2]: Message Filter dropping message: frame 'base_scan' at time 39.600 for reason 'discarding message because the queue is full'
[rviz2-20] [INFO] [1761232114.627671413] [rviz2]: Message Filter dropping message: frame 'base_scan' at time 39.700 for reason 'discarding message because the queue is full'
[rviz2-20] [INFO] [1761232114.722703502] [rviz2]: Message Filter dropping message: frame 'odom' at time 39.060 for reason 'discarding message because the queue is full'
[rviz2-20] [INFO] [1761232114.755115485] [rviz2]: Message Filter dropping message: frame 'base_scan' at time 39.800 for reason 'discarding message because the queue is full'
[rviz2-20] [INFO] [1761232114.851001960] [rviz2]: Message Filter dropping message: frame 'base_scan' at time 39.900 for reason 'discarding message because the queue is full'
[rviz2-20] [INFO] [1761232114.915838473] [rviz2]: Message Filter dropping message: frame 'odom' at time 39.240 for reason 'discarding message because the queue is full'
[rviz2-20] [INFO] [1761232114.916155092] [rviz2]: Message Filter dropping message: frame 'odom' at time 35.775 for reason 'discarding message because the queue is full'
[rviz2-20] [INFO] [1761232114.979835814] [rviz2]: Message Filter dropping message: frame 'base_scan' at time 40.000 for reason 'discarding message because the queue is full'
[planner_server-11] [INFO] [1761232115.016131256] [global_costmap.global_costmap]: Timed out waiting for transform from base_link to map to become available, tf error: Invalid frame ID "map" passed to canTransform argument target_frame - frame does not exist
[rviz2-20] [INFO] [1761232115.107436550] [rviz2]: Message Filter dropping message: frame 'odom' at time 39.420 for reason 'discarding message because the queue is full'
[rviz2-20] [INFO] [1761232115.107664022] [rviz2]: Message Filter dropping message: frame 'base_scan' at time 40.100 for reason 'discarding message because the queue is full'
[rviz2-20] [INFO] [1761232115.203667455] [rviz2]: Message Filter dropping message: frame 'base_scan' at time 40.200 for reason 'discarding message because the queue is full'
[rviz2-20] [INFO] [1761232115.331664056] [rviz2]: Message Filter dropping message: frame 'odom' at time 39.580 for reason 'discarding message because the queue is full'
[rviz2-20] [INFO] [1761232115.331888465] [rviz2]: Message Filter dropping message: frame 'base_scan' at time 40.300 for reason 'discarding message because the queue is full'
[amcl-7] [WARN] [1761232115.425805562] [amcl]: AMCL cannot publish a pose or update the transform. Please set the initial pose...
[rviz2-20] [INFO] [1761232115.427939394] [rviz2]: Message Filter dropping message: frame 'base_scan' at time 40.400 for reason 'discarding message because the queue is full'
[planner_server-11] [INFO] [1761232115.516138073] [global_costmap.global_costmap]: Timed out waiting for transform from base_link to map to become available, tf error: Invalid frame ID "map" passed to canTransform argument target_frame - frame does not exist
[rviz2-20] [INFO] [1761232115.523601362] [rviz2]: Message Filter dropping message: frame 'odom' at time 39.740 for reason 'discarding message because the queue is full'
[rviz2-20] [INFO] [1761232115.523828648] [rviz2]: Message Filter dropping message: frame 'odom' at time 36.302 for reason 'discarding message because the queue is full'
[rviz2-20] [INFO] [1761232115.555502453] [rviz2]: Message Filter dropping message: frame 'base_scan' at time 40.500 for reason 'discarding message because the queue is full'
[rviz2-20] [INFO] [1761232115.683059560] [rviz2]: Message Filter dropping message: frame 'base_scan' at time 40.600 for reason 'discarding message because the queue is full'
[rviz2-20] [INFO] [1761232115.715631251] [rviz2]: Message Filter dropping message: frame 'odom' at time 39.920 for reason 'discarding message because the queue is full'
[rviz2-20] [INFO] [1761232115.779834340] [rviz2]: Message Filter dropping message: frame 'base_scan' at time 40.700 for reason 'discarding message because the queue is full'
[rviz2-20] [INFO] [1761232115.907137557] [rviz2]: Message Filter dropping message: frame 'odom' at time 40.100 for reason 'discarding message because the queue is full'
[rviz2-20] [INFO] [1761232115.907248666] [rviz2]: Message Filter dropping message: frame 'base_scan' at time 40.800 for reason 'discarding message because the queue is full'
[rviz2-20] [INFO] [1761232116.003522956] [rviz2]: Message Filter dropping message: frame 'base_scan' at time 40.900 for reason 'discarding message because the queue is full'
[planner_server-11] [INFO] [1761232116.016146838] [global_costmap.global_costmap]: Timed out waiting for transform from base_link to map to become available, tf error: Invalid frame ID "map" passed to canTransform argument target_frame - frame does not exist
[rviz2-20] [INFO] [1761232116.131612257] [rviz2]: Message Filter dropping message: frame 'odom' at time 40.260 for reason 'discarding message because the queue is full'
[rviz2-20] [INFO] [1761232116.131713472] [rviz2]: Message Filter dropping message: frame 'odom' at time 36.825 for reason 'discarding message because the queue is full'
[rviz2-20] [INFO] [1761232116.131750063] [rviz2]: Message Filter dropping message: frame 'base_scan' at time 41.000 for reason 'discarding message because the queue is full'
[rviz2-20] [INFO] [1761232116.258838025] [rviz2]: Message Filter dropping message: frame 'base_scan' at time 41.100 for reason 'discarding message because the queue is full'
[rviz2-20] [INFO] [1761232116.324030342] [rviz2]: Message Filter dropping message: frame 'odom' at time 40.440 for reason 'discarding message because the queue is full'
[rviz2-20] [INFO] [1761232116.355669048] [rviz2]: Message Filter dropping message: frame 'base_scan' at time 41.200 for reason 'discarding message because the queue is full'
[rviz2-20] [INFO] [1761232116.515786756] [rviz2]: Message Filter dropping message: frame 'odom' at time 40.600 for reason 'discarding message because the queue is full'
[rviz2-20] [INFO] [1761232116.515983745] [rviz2]: Message Filter dropping message: frame 'base_scan' at time 41.300 for reason 'discarding message because the queue is full'
[planner_server-11] [INFO] [1761232116.516158986] [global_costmap.global_costmap]: Timed out waiting for transform from base_link to map to become available, tf error: Invalid frame ID "map" passed to canTransform argument target_frame - frame does not exist
[rviz2-20] [INFO] [1761232116.644232218] [rviz2]: Message Filter dropping message: frame 'base_scan' at time 41.400 for reason 'discarding message because the queue is full'
[rviz2-20] [INFO] [1761232116.709604041] [rviz2]: Message Filter dropping message: frame 'odom' at time 40.780 for reason 'discarding message because the queue is full'
[rviz2-20] [INFO] [1761232116.739679566] [rviz2]: Message Filter dropping message: frame 'base_scan' at time 41.500 for reason 'discarding message because the queue is full'
[rviz2-20] [INFO] [1761232116.867661008] [rviz2]: Message Filter dropping message: frame 'base_scan' at time 41.600 for reason 'discarding message because the queue is full'
[rviz2-20] [INFO] [1761232116.931542887] [rviz2]: Message Filter dropping message: frame 'odom' at time 40.960 for reason 'discarding message because the queue is full'
[rviz2-20] [INFO] [1761232116.931799397] [rviz2]: Message Filter dropping message: frame 'odom' at time 37.345 for reason 'discarding message because the queue is full'
[rviz2-20] [INFO] [1761232116.995789179] [rviz2]: Message Filter dropping message: frame 'base_scan' at time 41.700 for reason 'discarding message because the queue is full'
[planner_server-11] [INFO] [1761232117.016154714] [global_costmap.global_costmap]: Timed out waiting for transform from base_link to map to become available, tf error: Invalid frame ID "map" passed to canTransform argument target_frame - frame does not exist
[rviz2-20] [INFO] [1761232117.091265010] [rviz2]: Message Filter dropping message: frame 'base_scan' at time 41.800 for reason 'discarding message because the queue is full'
[rviz2-20] [INFO] [1761232117.123628225] [rviz2]: Message Filter dropping message: frame 'odom' at time 41.120 for reason 'discarding message because the queue is full'
[rviz2-20] [INFO] [1761232117.219671409] [rviz2]: Message Filter dropping message: frame 'base_scan' at time 41.900 for reason 'discarding message because the queue is full'
[rviz2-20] [INFO] [1761232117.315982760] [rviz2]: Message Filter dropping message: frame 'odom' at time 41.300 for reason 'discarding message because the queue is full'
[rviz2-20] [INFO] [1761232117.347931638] [rviz2]: Message Filter dropping message: frame 'base_scan' at time 42.000 for reason 'discarding message because the queue is full'
[rviz2-20] [INFO] [1761232117.443679518] [rviz2]: Message Filter dropping message: frame 'base_scan' at time 42.100 for reason 'discarding message because the queue is full'
[rviz2-20] [INFO] [1761232117.508501923] [rviz2]: Message Filter dropping message: frame 'odom' at time 41.460 for reason 'discarding message because the queue is full'
[rviz2-20] [INFO] [1761232117.509229503] [rviz2]: Message Filter dropping message: frame 'odom' at time 37.863 for reason 'discarding message because the queue is full'
[planner_server-11] [INFO] [1761232117.516205256] [global_costmap.global_costmap]: Timed out waiting for transform from base_link to map to become available, tf error: Invalid frame ID "map" passed to canTransform argument target_frame - frame does not exist
[rviz2-20] [INFO] [1761232117.539874495] [rviz2]: Message Filter dropping message: frame 'base_scan' at time 42.200 for reason 'discarding message because the queue is full'
[rviz2-20] [INFO] [1761232117.666772103] [rviz2]: Message Filter dropping message: frame 'base_scan' at time 42.300 for reason 'discarding message because the queue is full'
[rviz2-20] [INFO] [1761232117.732247434] [rviz2]: Message Filter dropping message: frame 'odom' at time 41.640 for reason 'discarding message because the queue is full'
[amcl-7] [WARN] [1761232117.778082130] [amcl]: AMCL cannot publish a pose or update the transform. Please set the initial pose...
[rviz2-20] [INFO] [1761232117.795438273] [rviz2]: Message Filter dropping message: frame 'base_scan' at time 42.400 for reason 'discarding message because the queue is full'
[rviz2-20] [INFO] [1761232117.891446243] [rviz2]: Message Filter dropping message: frame 'base_scan' at time 42.500 for reason 'discarding message because the queue is full'
[rviz2-20] [INFO] [1761232117.922751429] [rviz2]: Message Filter dropping message: frame 'odom' at time 41.820 for reason 'discarding message because the queue is full'
[planner_server-11] [INFO] [1761232118.016149398] [global_costmap.global_costmap]: Timed out waiting for transform from base_link to map to become available, tf error: Invalid frame ID "map" passed to canTransform argument target_frame - frame does not exist
[rviz2-20] [INFO] [1761232118.020354733] [rviz2]: Message Filter dropping message: frame 'base_scan' at time 42.600 for reason 'discarding message because the queue is full'
[rviz2-20] [INFO] [1761232118.115534448] [rviz2]: Message Filter dropping message: frame 'odom' at time 41.980 for reason 'discarding message because the queue is full'
[rviz2-20] [INFO] [1761232118.115672007] [rviz2]: Message Filter dropping message: frame 'odom' at time 38.377 for reason 'discarding message because the queue is full'
[rviz2-20] [INFO] [1761232118.147235791] [rviz2]: Message Filter dropping message: frame 'base_scan' at time 42.700 for reason 'discarding message because the queue is full'